<?xml version="1.0" encoding="UTF-8"?>
<coverage generated="1698656560458" clover="3.2.0">
  <project timestamp="1698656560459" name="All files">
    <metrics statements="31" coveredstatements="31" conditionals="15" coveredconditionals="15" methods="3" coveredmethods="3" elements="49" coveredelements="49" complexity="0" loc="31" ncloc="31" packages="1" files="2" classes="2"/>
    <file name="Greeter.ts" path="/Users/aratausami/tdd-kata/src/Greeter.ts">
      <metrics statements="15" coveredstatements="15" conditionals="11" coveredconditionals="11" methods="2" coveredmethods="2"/>
      <line num="1" count="1" type="stmt"/>
      <line num="3" count="19" type="stmt"/>
      <line num="9" count="20" type="stmt"/>
      <line num="10" count="20" type="stmt"/>
      <line num="11" count="20" type="stmt"/>
      <line num="12" count="20" type="stmt"/>
      <line num="14" count="20" type="stmt"/>
      <line num="15" count="20" type="cond" truecount="4" falsecount="0"/>
      <line num="16" count="3" type="stmt"/>
      <line num="17" count="17" type="cond" truecount="4" falsecount="0"/>
      <line num="18" count="3" type="stmt"/>
      <line num="19" count="14" type="cond" truecount="3" falsecount="0"/>
      <line num="20" count="4" type="stmt"/>
      <line num="23" count="20" type="stmt"/>
      <line num="24" count="20" type="stmt"/>
    </file>
    <file name="StringCalcurator.ts" path="/Users/aratausami/tdd-kata/src/StringCalcurator.ts">
      <metrics statements="16" coveredstatements="16" conditionals="4" coveredconditionals="4" methods="1" coveredmethods="1"/>
      <line num="1" count="1" type="stmt"/>
      <line num="3" count="12" type="stmt"/>
      <line num="5" count="12" type="cond" truecount="1" falsecount="0"/>
      <line num="6" count="1" type="stmt"/>
      <line num="8" count="12" type="stmt"/>
      <line num="10" count="12" type="stmt"/>
      <line num="11" count="12" type="stmt"/>
      <line num="13" count="12" type="stmt"/>
      <line num="14" count="28" type="stmt"/>
      <line num="15" count="28" type="cond" truecount="1" falsecount="0"/>
      <line num="16" count="27" type="cond" truecount="1" falsecount="0"/>
      <line num="17" count="2" type="stmt"/>
      <line num="19" count="27" type="stmt"/>
      <line num="22" count="12" type="cond" truecount="1" falsecount="0"/>
      <line num="23" count="1" type="stmt"/>
      <line num="26" count="11" type="stmt"/>
    </file>
  </project>
</coverage>
