<?xml version="1.0" encoding="UTF-8"?>
<coverage generated="1703044500653" clover="3.2.0">
  <project timestamp="1703044500654" name="All files">
    <metrics statements="71" coveredstatements="71" conditionals="42" coveredconditionals="42" methods="10" coveredmethods="10" elements="123" coveredelements="123" complexity="0" loc="71" ncloc="71" packages="1" files="4" classes="4"/>
    <file name="BowlingGame.ts" path="/Users/aratausami/tdd-kata/src/BowlingGame.ts">
      <metrics statements="32" coveredstatements="32" conditionals="27" coveredconditionals="27" methods="6" coveredmethods="6"/>
      <line num="1" count="133" type="stmt"/>
      <line num="3" count="1" type="stmt"/>
      <line num="5" count="15" type="stmt"/>
      <line num="6" count="15" type="stmt"/>
      <line num="13" count="143" type="cond" truecount="3" falsecount="0"/>
      <line num="14" count="4" type="stmt"/>
      <line num="17" count="139" type="cond" truecount="4" falsecount="0"/>
      <line num="18" count="3" type="stmt"/>
      <line num="21" count="136" type="cond" truecount="2" falsecount="0"/>
      <line num="22" count="73" type="stmt"/>
      <line num="24" count="73" type="cond" truecount="1" falsecount="0"/>
      <line num="25" count="16" type="cond" truecount="1" falsecount="0"/>
      <line num="26" count="16" type="stmt"/>
      <line num="29" count="57" type="stmt"/>
      <line num="31" count="63" type="stmt"/>
      <line num="33" count="63" type="cond" truecount="3" falsecount="0"/>
      <line num="34" count="3" type="stmt"/>
      <line num="37" count="60" type="stmt"/>
      <line num="39" count="60" type="cond" truecount="3" falsecount="0"/>
      <line num="40" count="5" type="cond" truecount="3" falsecount="0"/>
      <line num="43" count="56" type="stmt"/>
      <line num="48" count="11" type="stmt"/>
      <line num="50" count="11" type="stmt"/>
      <line num="51" count="52" type="stmt"/>
      <line num="53" count="52" type="cond" truecount="1" falsecount="0"/>
      <line num="55" count="48" type="cond" truecount="1" falsecount="0"/>
      <line num="56" count="13" type="cond" truecount="4" falsecount="0"/>
      <line num="57" count="10" type="stmt"/>
      <line num="59" count="3" type="stmt"/>
      <line num="63" count="48" type="cond" truecount="1" falsecount="0"/>
      <line num="64" count="1" type="stmt"/>
      <line num="68" count="11" type="stmt"/>
    </file>
    <file name="Greeter.ts" path="/Users/aratausami/tdd-kata/src/Greeter.ts">
      <metrics statements="15" coveredstatements="15" conditionals="11" coveredconditionals="11" methods="2" coveredmethods="2"/>
      <line num="1" count="1" type="stmt"/>
      <line num="3" count="19" type="stmt"/>
      <line num="9" count="20" type="stmt"/>
      <line num="10" count="20" type="stmt"/>
      <line num="11" count="20" type="stmt"/>
      <line num="12" count="20" type="stmt"/>
      <line num="14" count="20" type="stmt"/>
      <line num="15" count="20" type="cond" truecount="4" falsecount="0"/>
      <line num="16" count="3" type="stmt"/>
      <line num="17" count="17" type="cond" truecount="4" falsecount="0"/>
      <line num="18" count="3" type="stmt"/>
      <line num="19" count="14" type="cond" truecount="3" falsecount="0"/>
      <line num="20" count="4" type="stmt"/>
      <line num="23" count="20" type="stmt"/>
      <line num="24" count="20" type="stmt"/>
    </file>
    <file name="PrimeFactors.ts" path="/Users/aratausami/tdd-kata/src/PrimeFactors.ts">
      <metrics statements="8" coveredstatements="8" conditionals="0" coveredconditionals="0" methods="1" coveredmethods="1"/>
      <line num="1" count="1" type="stmt"/>
      <line num="3" count="10" type="stmt"/>
      <line num="4" count="10" type="stmt"/>
      <line num="6" count="10" type="stmt"/>
      <line num="7" count="29" type="stmt"/>
      <line num="8" count="19" type="stmt"/>
      <line num="9" count="19" type="stmt"/>
      <line num="13" count="10" type="stmt"/>
    </file>
    <file name="StringCalcurator.ts" path="/Users/aratausami/tdd-kata/src/StringCalcurator.ts">
      <metrics statements="16" coveredstatements="16" conditionals="4" coveredconditionals="4" methods="1" coveredmethods="1"/>
      <line num="1" count="1" type="stmt"/>
      <line num="3" count="13" type="stmt"/>
      <line num="5" count="13" type="cond" truecount="1" falsecount="0"/>
      <line num="6" count="2" type="stmt"/>
      <line num="8" count="13" type="stmt"/>
      <line num="10" count="13" type="stmt"/>
      <line num="11" count="13" type="stmt"/>
      <line num="13" count="13" type="stmt"/>
      <line num="14" count="38" type="stmt"/>
      <line num="15" count="38" type="cond" truecount="1" falsecount="0"/>
      <line num="16" count="37" type="cond" truecount="1" falsecount="0"/>
      <line num="17" count="2" type="stmt"/>
      <line num="19" count="37" type="stmt"/>
      <line num="22" count="13" type="cond" truecount="1" falsecount="0"/>
      <line num="23" count="1" type="stmt"/>
      <line num="26" count="12" type="stmt"/>
    </file>
  </project>
</coverage>
