{"/Users/aratausami/tdd-kata/src/BowlingGame.ts": {"path":"/Users/aratausami/tdd-kata/src/BowlingGame.ts","statementMap":{"0":{"start":{"line":1,"column":13},"end":{"line":1,"column":46}},"1":{"start":{"line":1,"column":27},"end":{"line":1,"column":46}},"2":{"start":{"line":5,"column":4},"end":{"line":5,"column":21}},"3":{"start":{"line":6,"column":4},"end":{"line":6,"column":23}},"4":{"start":{"line":13,"column":4},"end":{"line":15,"column":null}},"5":{"start":{"line":14,"column":6},"end":{"line":14,"column":34}},"6":{"start":{"line":17,"column":4},"end":{"line":19,"column":null}},"7":{"start":{"line":18,"column":6},"end":{"line":18,"column":51}},"8":{"start":{"line":21,"column":4},"end":{"line":44,"column":null}},"9":{"start":{"line":22,"column":6},"end":{"line":22,"column":31}},"10":{"start":{"line":24,"column":6},"end":{"line":27,"column":null}},"11":{"start":{"line":25,"column":8},"end":{"line":25,"column":59}},"12":{"start":{"line":25,"column":39},"end":{"line":25,"column":59}},"13":{"start":{"line":26,"column":8},"end":{"line":26,"column":15}},"14":{"start":{"line":29,"column":6},"end":{"line":29,"column":26}},"15":{"start":{"line":31,"column":26},"end":{"line":31,"column":43}},"16":{"start":{"line":33,"column":6},"end":{"line":35,"column":null}},"17":{"start":{"line":34,"column":8},"end":{"line":34,"column":40}},"18":{"start":{"line":37,"column":6},"end":{"line":37,"column":19}},"19":{"start":{"line":39,"column":6},"end":{"line":41,"column":null}},"20":{"start":{"line":40,"column":8},"end":{"line":40,"column":54}},"21":{"start":{"line":40,"column":47},"end":{"line":40,"column":54}},"22":{"start":{"line":43,"column":6},"end":{"line":43,"column":25}},"23":{"start":{"line":48,"column":21},"end":{"line":48,"column":22}},"24":{"start":{"line":50,"column":4},"end":{"line":66,"column":7}},"25":{"start":{"line":51,"column":6},"end":{"line":51,"column":54}},"26":{"start":{"line":51,"column":43},"end":{"line":51,"column":52}},"27":{"start":{"line":53,"column":6},"end":{"line":53,"column":25}},"28":{"start":{"line":53,"column":18},"end":{"line":53,"column":25}},"29":{"start":{"line":55,"column":6},"end":{"line":61,"column":null}},"30":{"start":{"line":56,"column":8},"end":{"line":60,"column":null}},"31":{"start":{"line":57,"column":10},"end":{"line":57,"column":51}},"32":{"start":{"line":59,"column":10},"end":{"line":59,"column":70}},"33":{"start":{"line":63,"column":6},"end":{"line":65,"column":null}},"34":{"start":{"line":64,"column":8},"end":{"line":64,"column":44}},"35":{"start":{"line":68,"column":4},"end":{"line":68,"column":22}},"36":{"start":{"line":3,"column":0},"end":{"line":3,"column":13}}},"fnMap":{"0":{"name":"(anonymous_0)","decl":{"start":{"line":1,"column":13},"end":{"line":1,"column":14}},"loc":{"start":{"line":1,"column":27},"end":{"line":1,"column":46}}},"1":{"name":"(anonymous_1)","decl":{"start":{"line":4,"column":2},"end":{"line":4,"column":null}},"loc":{"start":{"line":4,"column":2},"end":{"line":7,"column":3}}},"2":{"name":"(anonymous_2)","decl":{"start":{"line":12,"column":2},"end":{"line":12,"column":6}},"loc":{"start":{"line":12,"column":19},"end":{"line":45,"column":3}}},"3":{"name":"(anonymous_3)","decl":{"start":{"line":47,"column":2},"end":{"line":47,"column":10}},"loc":{"start":{"line":47,"column":10},"end":{"line":69,"column":3}}},"4":{"name":"(anonymous_4)","decl":{"start":{"line":50,"column":24},"end":{"line":50,"column":25}},"loc":{"start":{"line":50,"column":33},"end":{"line":66,"column":5}}},"5":{"name":"(anonymous_5)","decl":{"start":{"line":51,"column":29},"end":{"line":51,"column":30}},"loc":{"start":{"line":51,"column":43},"end":{"line":51,"column":52}}}},"branchMap":{"0":{"loc":{"start":{"line":13,"column":4},"end":{"line":15,"column":null}},"type":"if","locations":[{"start":{"line":13,"column":4},"end":{"line":15,"column":null}}]},"1":{"loc":{"start":{"line":13,"column":8},"end":{"line":13,"column":48}},"type":"binary-expr","locations":[{"start":{"line":13,"column":8},"end":{"line":13,"column":33}},{"start":{"line":13,"column":37},"end":{"line":13,"column":48}}]},"2":{"loc":{"start":{"line":17,"column":4},"end":{"line":19,"column":null}},"type":"if","locations":[{"start":{"line":17,"column":4},"end":{"line":19,"column":null}}]},"3":{"loc":{"start":{"line":17,"column":8},"end":{"line":17,"column":56}},"type":"binary-expr","locations":[{"start":{"line":17,"column":8},"end":{"line":17,"column":16}},{"start":{"line":17,"column":20},"end":{"line":17,"column":29}},{"start":{"line":17,"column":33},"end":{"line":17,"column":56}}]},"4":{"loc":{"start":{"line":21,"column":4},"end":{"line":44,"column":null}},"type":"if","locations":[{"start":{"line":21,"column":4},"end":{"line":44,"column":null}},{"start":{"line":30,"column":11},"end":{"line":44,"column":null}}]},"5":{"loc":{"start":{"line":24,"column":6},"end":{"line":27,"column":null}},"type":"if","locations":[{"start":{"line":24,"column":6},"end":{"line":27,"column":null}}]},"6":{"loc":{"start":{"line":25,"column":8},"end":{"line":25,"column":59}},"type":"if","locations":[{"start":{"line":25,"column":8},"end":{"line":25,"column":59}}]},"7":{"loc":{"start":{"line":33,"column":6},"end":{"line":35,"column":null}},"type":"if","locations":[{"start":{"line":33,"column":6},"end":{"line":35,"column":null}}]},"8":{"loc":{"start":{"line":33,"column":10},"end":{"line":33,"column":47}},"type":"binary-expr","locations":[{"start":{"line":33,"column":10},"end":{"line":33,"column":29}},{"start":{"line":33,"column":33},"end":{"line":33,"column":47}}]},"9":{"loc":{"start":{"line":39,"column":6},"end":{"line":41,"column":null}},"type":"if","locations":[{"start":{"line":39,"column":6},"end":{"line":41,"column":null}}]},"10":{"loc":{"start":{"line":39,"column":10},"end":{"line":39,"column":53}},"type":"binary-expr","locations":[{"start":{"line":39,"column":10},"end":{"line":39,"column":35}},{"start":{"line":39,"column":39},"end":{"line":39,"column":53}}]},"11":{"loc":{"start":{"line":40,"column":8},"end":{"line":40,"column":54}},"type":"if","locations":[{"start":{"line":40,"column":8},"end":{"line":40,"column":54}}]},"12":{"loc":{"start":{"line":40,"column":12},"end":{"line":40,"column":45}},"type":"binary-expr","locations":[{"start":{"line":40,"column":12},"end":{"line":40,"column":23}},{"start":{"line":40,"column":27},"end":{"line":40,"column":45}}]},"13":{"loc":{"start":{"line":53,"column":6},"end":{"line":53,"column":25}},"type":"if","locations":[{"start":{"line":53,"column":6},"end":{"line":53,"column":25}}]},"14":{"loc":{"start":{"line":55,"column":6},"end":{"line":61,"column":null}},"type":"if","locations":[{"start":{"line":55,"column":6},"end":{"line":61,"column":null}}]},"15":{"loc":{"start":{"line":56,"column":8},"end":{"line":60,"column":null}},"type":"if","locations":[{"start":{"line":56,"column":8},"end":{"line":60,"column":null}},{"start":{"line":58,"column":15},"end":{"line":60,"column":null}}]},"16":{"loc":{"start":{"line":56,"column":12},"end":{"line":56,"column":51}},"type":"binary-expr","locations":[{"start":{"line":56,"column":12},"end":{"line":56,"column":19}},{"start":{"line":56,"column":23},"end":{"line":56,"column":51}}]},"17":{"loc":{"start":{"line":63,"column":6},"end":{"line":65,"column":null}},"type":"if","locations":[{"start":{"line":63,"column":6},"end":{"line":65,"column":null}}]}},"s":{"0":1,"1":133,"2":15,"3":15,"4":143,"5":4,"6":139,"7":3,"8":136,"9":73,"10":73,"11":16,"12":3,"13":16,"14":57,"15":63,"16":63,"17":3,"18":60,"19":60,"20":5,"21":4,"22":56,"23":11,"24":11,"25":52,"26":41,"27":52,"28":4,"29":48,"30":13,"31":10,"32":3,"33":48,"34":1,"35":11,"36":1},"f":{"0":133,"1":15,"2":143,"3":11,"4":52,"5":41},"b":{"0":[4],"1":[143,14],"2":[3],"3":[139,138,137],"4":[73,63],"5":[16],"6":[3],"7":[3],"8":[63,7],"9":[5],"10":[60,8],"11":[4],"12":[5,2],"13":[4],"14":[13],"15":[10,3],"16":[13,12],"17":[1]}}
,"/Users/aratausami/tdd-kata/src/Greeter.ts": {"path":"/Users/aratausami/tdd-kata/src/Greeter.ts","statementMap":{"0":{"start":{"line":3,"column":4},"end":{"line":3,"column":38}},"1":{"start":{"line":9,"column":24},"end":{"line":9,"column":35}},"2":{"start":{"line":10,"column":16},"end":{"line":10,"column":53}},"3":{"start":{"line":11,"column":17},"end":{"line":11,"column":37}},"4":{"start":{"line":12,"column":28},"end":{"line":12,"column":38}},"5":{"start":{"line":14,"column":19},"end":{"line":14,"column":26}},"6":{"start":{"line":15,"column":4},"end":{"line":21,"column":null}},"7":{"start":{"line":16,"column":6},"end":{"line":16,"column":32}},"8":{"start":{"line":17,"column":11},"end":{"line":21,"column":null}},"9":{"start":{"line":18,"column":6},"end":{"line":18,"column":32}},"10":{"start":{"line":19,"column":11},"end":{"line":21,"column":null}},"11":{"start":{"line":20,"column":6},"end":{"line":20,"column":30}},"12":{"start":{"line":23,"column":4},"end":{"line":23,"column":50}},"13":{"start":{"line":24,"column":4},"end":{"line":24,"column":44}},"14":{"start":{"line":1,"column":0},"end":{"line":1,"column":13}}},"fnMap":{"0":{"name":"(anonymous_0)","decl":{"start":{"line":2,"column":2},"end":{"line":2,"column":null}},"loc":{"start":{"line":2,"column":2},"end":{"line":4,"column":3}}},"1":{"name":"(anonymous_1)","decl":{"start":{"line":8,"column":2},"end":{"line":8,"column":7}},"loc":{"start":{"line":8,"column":20},"end":{"line":25,"column":3}}}},"branchMap":{"0":{"loc":{"start":{"line":15,"column":4},"end":{"line":21,"column":null}},"type":"if","locations":[{"start":{"line":15,"column":4},"end":{"line":21,"column":null}},{"start":{"line":17,"column":11},"end":{"line":21,"column":null}}]},"1":{"loc":{"start":{"line":15,"column":8},"end":{"line":15,"column":40}},"type":"binary-expr","locations":[{"start":{"line":15,"column":8},"end":{"line":15,"column":22}},{"start":{"line":15,"column":26},"end":{"line":15,"column":40}}]},"2":{"loc":{"start":{"line":17,"column":11},"end":{"line":21,"column":null}},"type":"if","locations":[{"start":{"line":17,"column":11},"end":{"line":21,"column":null}},{"start":{"line":19,"column":11},"end":{"line":21,"column":null}}]},"3":{"loc":{"start":{"line":17,"column":15},"end":{"line":17,"column":48}},"type":"binary-expr","locations":[{"start":{"line":17,"column":15},"end":{"line":17,"column":30}},{"start":{"line":17,"column":34},"end":{"line":17,"column":48}}]},"4":{"loc":{"start":{"line":19,"column":11},"end":{"line":21,"column":null}},"type":"if","locations":[{"start":{"line":19,"column":11},"end":{"line":21,"column":null}}]},"5":{"loc":{"start":{"line":19,"column":15},"end":{"line":19,"column":47}},"type":"binary-expr","locations":[{"start":{"line":19,"column":15},"end":{"line":19,"column":30}},{"start":{"line":19,"column":34},"end":{"line":19,"column":47}}]}},"s":{"0":19,"1":20,"2":20,"3":20,"4":20,"5":20,"6":20,"7":3,"8":17,"9":3,"10":14,"11":4,"12":20,"13":20,"14":1},"f":{"0":19,"1":20},"b":{"0":[3,17],"1":[20,18],"2":[3,14],"3":[17,5],"4":[4],"5":[14,12]}}
,"/Users/aratausami/tdd-kata/src/PrimeFactors.ts": {"path":"/Users/aratausami/tdd-kata/src/PrimeFactors.ts","statementMap":{"0":{"start":{"line":3,"column":20},"end":{"line":3,"column":22}},"1":{"start":{"line":4,"column":15},"end":{"line":4,"column":18}},"2":{"start":{"line":6,"column":4},"end":{"line":11,"column":null}},"3":{"start":{"line":6,"column":19},"end":{"line":6,"column":20}},"4":{"start":{"line":7,"column":6},"end":{"line":10,"column":null}},"5":{"start":{"line":8,"column":8},"end":{"line":8,"column":26}},"6":{"start":{"line":9,"column":8},"end":{"line":9,"column":20}},"7":{"start":{"line":13,"column":4},"end":{"line":13,"column":19}},"8":{"start":{"line":1,"column":0},"end":{"line":1,"column":13}}},"fnMap":{"0":{"name":"(anonymous_0)","decl":{"start":{"line":2,"column":2},"end":{"line":2,"column":10}},"loc":{"start":{"line":2,"column":22},"end":{"line":14,"column":3}}}},"branchMap":{},"s":{"0":10,"1":10,"2":10,"3":10,"4":29,"5":19,"6":19,"7":10,"8":1},"f":{"0":10},"b":{}}
,"/Users/aratausami/tdd-kata/src/StringCalcurator.ts": {"path":"/Users/aratausami/tdd-kata/src/StringCalcurator.ts","statementMap":{"0":{"start":{"line":3,"column":20},"end":{"line":3,"column":22}},"1":{"start":{"line":5,"column":4},"end":{"line":7,"column":null}},"2":{"start":{"line":6,"column":6},"end":{"line":6,"column":25}},"3":{"start":{"line":8,"column":16},"end":{"line":8,"column":47}},"4":{"start":{"line":10,"column":14},"end":{"line":10,"column":15}},"5":{"start":{"line":11,"column":22},"end":{"line":11,"column":24}},"6":{"start":{"line":13,"column":4},"end":{"line":20,"column":null}},"7":{"start":{"line":14,"column":18},"end":{"line":14,"column":29}},"8":{"start":{"line":15,"column":6},"end":{"line":15,"column":31}},"9":{"start":{"line":15,"column":22},"end":{"line":15,"column":31}},"10":{"start":{"line":16,"column":6},"end":{"line":18,"column":null}},"11":{"start":{"line":17,"column":8},"end":{"line":17,"column":28}},"12":{"start":{"line":19,"column":6},"end":{"line":19,"column":17}},"13":{"start":{"line":22,"column":4},"end":{"line":24,"column":null}},"14":{"start":{"line":23,"column":6},"end":{"line":23,"column":71}},"15":{"start":{"line":26,"column":4},"end":{"line":26,"column":15}},"16":{"start":{"line":1,"column":0},"end":{"line":1,"column":13}}},"fnMap":{"0":{"name":"(anonymous_0)","decl":{"start":{"line":2,"column":2},"end":{"line":2,"column":5}},"loc":{"start":{"line":2,"column":17},"end":{"line":27,"column":3}}}},"branchMap":{"0":{"loc":{"start":{"line":5,"column":4},"end":{"line":7,"column":null}},"type":"if","locations":[{"start":{"line":5,"column":4},"end":{"line":7,"column":null}}]},"1":{"loc":{"start":{"line":15,"column":6},"end":{"line":15,"column":31}},"type":"if","locations":[{"start":{"line":15,"column":6},"end":{"line":15,"column":31}}]},"2":{"loc":{"start":{"line":16,"column":6},"end":{"line":18,"column":null}},"type":"if","locations":[{"start":{"line":16,"column":6},"end":{"line":18,"column":null}}]},"3":{"loc":{"start":{"line":22,"column":4},"end":{"line":24,"column":null}},"type":"if","locations":[{"start":{"line":22,"column":4},"end":{"line":24,"column":null}}]}},"s":{"0":13,"1":13,"2":2,"3":13,"4":13,"5":13,"6":13,"7":38,"8":38,"9":1,"10":37,"11":2,"12":37,"13":13,"14":1,"15":12,"16":1},"f":{"0":13},"b":{"0":[2],"1":[1],"2":[2],"3":[1]}}
}
