{"/Users/aratausami/tdd-kata/src/Greeter.ts": {"path":"/Users/aratausami/tdd-kata/src/Greeter.ts","statementMap":{"0":{"start":{"line":3,"column":4},"end":{"line":3,"column":38}},"1":{"start":{"line":9,"column":24},"end":{"line":9,"column":35}},"2":{"start":{"line":10,"column":16},"end":{"line":10,"column":53}},"3":{"start":{"line":11,"column":17},"end":{"line":11,"column":37}},"4":{"start":{"line":12,"column":28},"end":{"line":12,"column":38}},"5":{"start":{"line":14,"column":19},"end":{"line":14,"column":26}},"6":{"start":{"line":15,"column":4},"end":{"line":21,"column":null}},"7":{"start":{"line":16,"column":6},"end":{"line":16,"column":32}},"8":{"start":{"line":17,"column":11},"end":{"line":21,"column":null}},"9":{"start":{"line":18,"column":6},"end":{"line":18,"column":32}},"10":{"start":{"line":19,"column":11},"end":{"line":21,"column":null}},"11":{"start":{"line":20,"column":6},"end":{"line":20,"column":30}},"12":{"start":{"line":23,"column":4},"end":{"line":23,"column":50}},"13":{"start":{"line":24,"column":4},"end":{"line":24,"column":44}},"14":{"start":{"line":1,"column":0},"end":{"line":1,"column":13}}},"fnMap":{"0":{"name":"(anonymous_0)","decl":{"start":{"line":2,"column":2},"end":{"line":2,"column":null}},"loc":{"start":{"line":2,"column":2},"end":{"line":4,"column":3}}},"1":{"name":"(anonymous_1)","decl":{"start":{"line":8,"column":2},"end":{"line":8,"column":7}},"loc":{"start":{"line":8,"column":20},"end":{"line":25,"column":3}}}},"branchMap":{"0":{"loc":{"start":{"line":15,"column":4},"end":{"line":21,"column":null}},"type":"if","locations":[{"start":{"line":15,"column":4},"end":{"line":21,"column":null}},{"start":{"line":17,"column":11},"end":{"line":21,"column":null}}]},"1":{"loc":{"start":{"line":15,"column":8},"end":{"line":15,"column":40}},"type":"binary-expr","locations":[{"start":{"line":15,"column":8},"end":{"line":15,"column":22}},{"start":{"line":15,"column":26},"end":{"line":15,"column":40}}]},"2":{"loc":{"start":{"line":17,"column":11},"end":{"line":21,"column":null}},"type":"if","locations":[{"start":{"line":17,"column":11},"end":{"line":21,"column":null}},{"start":{"line":19,"column":11},"end":{"line":21,"column":null}}]},"3":{"loc":{"start":{"line":17,"column":15},"end":{"line":17,"column":48}},"type":"binary-expr","locations":[{"start":{"line":17,"column":15},"end":{"line":17,"column":30}},{"start":{"line":17,"column":34},"end":{"line":17,"column":48}}]},"4":{"loc":{"start":{"line":19,"column":11},"end":{"line":21,"column":null}},"type":"if","locations":[{"start":{"line":19,"column":11},"end":{"line":21,"column":null}}]},"5":{"loc":{"start":{"line":19,"column":15},"end":{"line":19,"column":47}},"type":"binary-expr","locations":[{"start":{"line":19,"column":15},"end":{"line":19,"column":30}},{"start":{"line":19,"column":34},"end":{"line":19,"column":47}}]}},"s":{"0":19,"1":20,"2":20,"3":20,"4":20,"5":20,"6":20,"7":3,"8":17,"9":3,"10":14,"11":4,"12":20,"13":20,"14":1},"f":{"0":19,"1":20},"b":{"0":[3,17],"1":[20,18],"2":[3,14],"3":[17,5],"4":[4],"5":[14,12]}}
,"/Users/aratausami/tdd-kata/src/StringCalcurator.ts": {"path":"/Users/aratausami/tdd-kata/src/StringCalcurator.ts","statementMap":{"0":{"start":{"line":3,"column":20},"end":{"line":3,"column":22}},"1":{"start":{"line":5,"column":4},"end":{"line":7,"column":null}},"2":{"start":{"line":6,"column":6},"end":{"line":6,"column":25}},"3":{"start":{"line":8,"column":16},"end":{"line":8,"column":47}},"4":{"start":{"line":10,"column":14},"end":{"line":10,"column":15}},"5":{"start":{"line":11,"column":22},"end":{"line":11,"column":24}},"6":{"start":{"line":13,"column":4},"end":{"line":20,"column":null}},"7":{"start":{"line":14,"column":18},"end":{"line":14,"column":29}},"8":{"start":{"line":15,"column":6},"end":{"line":15,"column":31}},"9":{"start":{"line":15,"column":22},"end":{"line":15,"column":31}},"10":{"start":{"line":16,"column":6},"end":{"line":18,"column":null}},"11":{"start":{"line":17,"column":8},"end":{"line":17,"column":28}},"12":{"start":{"line":19,"column":6},"end":{"line":19,"column":17}},"13":{"start":{"line":22,"column":4},"end":{"line":24,"column":null}},"14":{"start":{"line":23,"column":6},"end":{"line":23,"column":71}},"15":{"start":{"line":26,"column":4},"end":{"line":26,"column":15}},"16":{"start":{"line":1,"column":0},"end":{"line":1,"column":13}}},"fnMap":{"0":{"name":"(anonymous_0)","decl":{"start":{"line":2,"column":2},"end":{"line":2,"column":5}},"loc":{"start":{"line":2,"column":17},"end":{"line":27,"column":3}}}},"branchMap":{"0":{"loc":{"start":{"line":5,"column":4},"end":{"line":7,"column":null}},"type":"if","locations":[{"start":{"line":5,"column":4},"end":{"line":7,"column":null}}]},"1":{"loc":{"start":{"line":15,"column":6},"end":{"line":15,"column":31}},"type":"if","locations":[{"start":{"line":15,"column":6},"end":{"line":15,"column":31}}]},"2":{"loc":{"start":{"line":16,"column":6},"end":{"line":18,"column":null}},"type":"if","locations":[{"start":{"line":16,"column":6},"end":{"line":18,"column":null}}]},"3":{"loc":{"start":{"line":22,"column":4},"end":{"line":24,"column":null}},"type":"if","locations":[{"start":{"line":22,"column":4},"end":{"line":24,"column":null}}]}},"s":{"0":12,"1":12,"2":1,"3":12,"4":12,"5":12,"6":12,"7":28,"8":28,"9":1,"10":27,"11":2,"12":27,"13":12,"14":1,"15":11,"16":1},"f":{"0":12},"b":{"0":[1],"1":[1],"2":[2],"3":[1]}}
}
