TN:
SF:src/BowlingGame.ts
FN:1,(anonymous_0)
FN:4,(anonymous_1)
FN:12,(anonymous_2)
FN:47,(anonymous_3)
FN:50,(anonymous_4)
FN:51,(anonymous_5)
FNF:6
FNH:6
FNDA:133,(anonymous_0)
FNDA:15,(anonymous_1)
FNDA:143,(anonymous_2)
FNDA:11,(anonymous_3)
FNDA:52,(anonymous_4)
FNDA:41,(anonymous_5)
DA:1,133
DA:3,1
DA:5,15
DA:6,15
DA:13,143
DA:14,4
DA:17,139
DA:18,3
DA:21,136
DA:22,73
DA:24,73
DA:25,16
DA:26,16
DA:29,57
DA:31,63
DA:33,63
DA:34,3
DA:37,60
DA:39,60
DA:40,5
DA:43,56
DA:48,11
DA:50,11
DA:51,52
DA:53,52
DA:55,48
DA:56,13
DA:57,10
DA:59,3
DA:63,48
DA:64,1
DA:68,11
LF:32
LH:32
BRDA:13,0,0,4
BRDA:13,1,0,143
BRDA:13,1,1,14
BRDA:17,2,0,3
BRDA:17,3,0,139
BRDA:17,3,1,138
BRDA:17,3,2,137
BRDA:21,4,0,73
BRDA:21,4,1,63
BRDA:24,5,0,16
BRDA:25,6,0,3
BRDA:33,7,0,3
BRDA:33,8,0,63
BRDA:33,8,1,7
BRDA:39,9,0,5
BRDA:39,10,0,60
BRDA:39,10,1,8
BRDA:40,11,0,4
BRDA:40,12,0,5
BRDA:40,12,1,2
BRDA:53,13,0,4
BRDA:55,14,0,13
BRDA:56,15,0,10
BRDA:56,15,1,3
BRDA:56,16,0,13
BRDA:56,16,1,12
BRDA:63,17,0,1
BRF:27
BRH:27
end_of_record
TN:
SF:src/Greeter.ts
FN:2,(anonymous_0)
FN:8,(anonymous_1)
FNF:2
FNH:2
FNDA:19,(anonymous_0)
FNDA:20,(anonymous_1)
DA:1,1
DA:3,19
DA:9,20
DA:10,20
DA:11,20
DA:12,20
DA:14,20
DA:15,20
DA:16,3
DA:17,17
DA:18,3
DA:19,14
DA:20,4
DA:23,20
DA:24,20
LF:15
LH:15
BRDA:15,0,0,3
BRDA:15,0,1,17
BRDA:15,1,0,20
BRDA:15,1,1,18
BRDA:17,2,0,3
BRDA:17,2,1,14
BRDA:17,3,0,17
BRDA:17,3,1,5
BRDA:19,4,0,4
BRDA:19,5,0,14
BRDA:19,5,1,12
BRF:11
BRH:11
end_of_record
TN:
SF:src/PrimeFactors.ts
FN:2,(anonymous_0)
FNF:1
FNH:1
FNDA:10,(anonymous_0)
DA:1,1
DA:3,10
DA:4,10
DA:6,10
DA:7,29
DA:8,19
DA:9,19
DA:13,10
LF:8
LH:8
BRF:0
BRH:0
end_of_record
TN:
SF:src/StringCalcurator.ts
FN:2,(anonymous_0)
FNF:1
FNH:1
FNDA:13,(anonymous_0)
DA:1,1
DA:3,13
DA:5,13
DA:6,2
DA:8,13
DA:10,13
DA:11,13
DA:13,13
DA:14,38
DA:15,38
DA:16,37
DA:17,2
DA:19,37
DA:22,13
DA:23,1
DA:26,12
LF:16
LH:16
BRDA:5,0,0,2
BRDA:15,1,0,1
BRDA:16,2,0,2
BRDA:22,3,0,1
BRF:4
BRH:4
end_of_record
