TN:
SF:src/Greeter.ts
FN:2,(anonymous_0)
FN:8,(anonymous_1)
FNF:2
FNH:2
FNDA:19,(anonymous_0)
FNDA:20,(anonymous_1)
DA:1,1
DA:3,19
DA:9,20
DA:10,20
DA:11,20
DA:12,20
DA:14,20
DA:15,20
DA:16,3
DA:17,17
DA:18,3
DA:19,14
DA:20,4
DA:23,20
DA:24,20
LF:15
LH:15
BRDA:15,0,0,3
BRDA:15,0,1,17
BRDA:15,1,0,20
BRDA:15,1,1,18
BRDA:17,2,0,3
BRDA:17,2,1,14
BRDA:17,3,0,17
BRDA:17,3,1,5
BRDA:19,4,0,4
BRDA:19,5,0,14
BRDA:19,5,1,12
BRF:11
BRH:11
end_of_record
TN:
SF:src/StringCalcurator.ts
FN:2,(anonymous_0)
FNF:1
FNH:1
FNDA:12,(anonymous_0)
DA:1,1
DA:3,12
DA:5,12
DA:6,1
DA:8,12
DA:10,12
DA:11,12
DA:13,12
DA:14,28
DA:15,28
DA:16,27
DA:17,2
DA:19,27
DA:22,12
DA:23,1
DA:26,11
LF:16
LH:16
BRDA:5,0,0,1
BRDA:15,1,0,1
BRDA:16,2,0,2
BRDA:22,3,0,1
BRF:4
BRH:4
end_of_record
